Log file open, 11/13/17 13:10:05
LogInit:Display: Running engine for game: MyProject
LogPlatformFile: Not using cached read wrapper
LogInit:Display: RandInit(163378207) SRandInit(163378207).
LogTaskGraph: Started task graph with 5 named threads and 8 total threads with 1 sets of task threads.
LogStats: Stats thread started at 0.149942
LogInit: Using libcurl 7.47.1
LogInit:  - built for x86_64-pc-win32
LogInit:  - supports SSL with OpenSSL/1.0.2g
LogInit:  - supports HTTP deflate (compression) using libz 1.2.8
LogInit:  - other features:
LogInit:      CURL_VERSION_SSL
LogInit:      CURL_VERSION_LIBZ
LogInit:      CURL_VERSION_IPV6
LogInit:      CURL_VERSION_ASYNCHDNS
LogInit:      CURL_VERSION_LARGEFILE
LogInit:      CURL_VERSION_IDN
LogInit:  CurlRequestOptions (configurable via config and command line):
LogInit:  - bVerifyPeer = false  - Libcurl will NOT verify peer certificate
LogInit:  - bUseHttpProxy = false  - Libcurl will NOT use HTTP proxy
LogInit:  - bDontReuseConnections = false  - Libcurl will reuse connections
LogInit:  - CertBundlePath = nullptr  - Libcurl will use whatever was configured at build time.
LogInit: Build: ++UE4+Release-4.15-CL-3450819
LogInit: Engine Version: 4.15.3-3450819+++UE4+Release-4.15
LogInit: Compatible Engine Version: 4.15.0-3299760+++UE4+Release-4.15
LogInit: Net CL: 3299760
LogDevObjectVersion: Number of dev versions registered: 14
LogDevObjectVersion:   Dev-Blueprints (B0D832E4-1F89-4F0D-ACCF-7EB736FD4AA2): 8
LogDevObjectVersion:   Dev-Build (E1C64328-A22C-4D53-A36C-8E866417BD8C): 0
LogDevObjectVersion:   Dev-Core (375EC13C-06E4-48FB-B500-84F0262A717E): 2
LogDevObjectVersion:   Dev-Editor (E4B068ED-F494-42E9-A231-DA0B2E46BB41): 14
LogDevObjectVersion:   Dev-Framework (CFFC743F-43B0-4480-9391-14DF171D2073): 22
LogDevObjectVersion:   Dev-Mobile (B02B49B5-BB20-44E9-A304-32B752E40360): 0
LogDevObjectVersion:   Dev-Networking (A4E4105C-59A1-49B5-A7C5-40C4547EDFEE): 0
LogDevObjectVersion:   Dev-Online (39C831C9-5AE6-47DC-9A44-9C173E1C8E7C): 0
LogDevObjectVersion:   Dev-Physics (78F01B33-EBEA-4F98-B9B4-84EACCB95AA2): 0
LogDevObjectVersion:   Dev-Platform (6631380F-2D4D-43E0-8009-CF276956A95A): 0
LogDevObjectVersion:   Dev-Rendering (12F88B9F-8875-4AFC-A67C-D90C383ABD29): 12
LogDevObjectVersion:   Dev-Sequencer (7B5AE74C-D270-4C10-A958-57980B212A5A): 3
LogDevObjectVersion:   Dev-VR (D7296918-1DD6-4BDD-9DE2-64A83CC13884): 0
LogDevObjectVersion:   Dev-LoadTimes (C2A15278-BFE7-4AFE-6C17-90FF531DF755): 1
LogInit: Compiled (64-bit): May 21 2017 11:02:34
LogInit: Compiled with Visual C++: 19.00.23026.00
LogInit: Build Configuration: Development
LogInit: Branch Name: ++UE4+Release-4.15
LogInit: Command line:  
LogInit: Base directory: D:/Unreal/UE_4.15/Engine/Binaries/Win64/
LogInit: Installed Engine Build: 1
LogInit: Presizing for max 8388607 objects, including 0 objects not considered by GC, pre-allocating 0 bytes for permanent pool.
LogInit: Object subsystem initialized
[2017.11.13-03.10.07:379][  0]LogInit: Selected Device Profile: [Windows]
[2017.11.13-03.10.07:379][  0]LogInit: Applying CVar settings loaded from the selected device profile: [Windows]
[2017.11.13-03.10.07:425][  0]LogInit: Computer: FIRE-FINGERSPC
[2017.11.13-03.10.07:426][  0]LogInit: User: FireFingers
[2017.11.13-03.10.07:426][  0]LogInit: CPU Page size=65536, Cores=4
[2017.11.13-03.10.07:426][  0]LogInit: High frequency timer resolution =2.435773 MHz
[2017.11.13-03.10.07:426][  0]LogMemory: Memory total: Physical=7.9GB (8GB approx)
[2017.11.13-03.10.07:426][  0]LogMemory: Platform Memory Stats for Windows
[2017.11.13-03.10.07:426][  0]LogMemory: Process Physical Memory: 264.07 MB used, 264.07 MB peak
[2017.11.13-03.10.07:426][  0]LogMemory: Process Virtual Memory: 262.50 MB used, 262.50 MB peak
[2017.11.13-03.10.07:426][  0]LogMemory: Physical Memory: 4726.95 MB used,  3348.11 MB free, 8075.06 MB total
[2017.11.13-03.10.07:426][  0]LogMemory: Virtual Memory: 645.09 MB used,  3348.11 MB free, 134217728.00 MB total
[2017.11.13-03.10.08:189][  0]LogTextLocalizationManager: No specific translations for ('en-AU') exist, so ('en') translations will be used.
[2017.11.13-03.10.10:451][  0]LogD3D11RHI: D3D11 adapters:
[2017.11.13-03.10.10:508][  0]LogD3D11RHI:    0. 'NVIDIA GeForce GTX 850M' (Feature Level 11_0)
[2017.11.13-03.10.10:508][  0]LogD3D11RHI:       4064/0/4037 MB DedicatedVideo/DedicatedSystem/SharedSystem, Outputs:1, VendorId:0x10de
[2017.11.13-03.10.10:522][  0]LogD3D11RHI:    1. 'Intel(R) HD Graphics 4600' (Feature Level 11_0)
[2017.11.13-03.10.10:522][  0]LogD3D11RHI:       112/0/2048 MB DedicatedVideo/DedicatedSystem/SharedSystem, Outputs:0, VendorId:0x8086
[2017.11.13-03.10.10:525][  0]LogD3D11RHI:    2. 'Microsoft Basic Render Driver' (Feature Level 11_0)
[2017.11.13-03.10.10:525][  0]LogD3D11RHI:       0/0/4037 MB DedicatedVideo/DedicatedSystem/SharedSystem, Outputs:0, VendorId:0x1414
[2017.11.13-03.10.10:525][  0]LogD3D11RHI: Chosen D3D11 Adapter: 0
[2017.11.13-03.10.10:546][  0]LogD3D11RHI: Creating new Direct3DDevice
[2017.11.13-03.10.10:546][  0]LogD3D11RHI:     GPU DeviceId: 0x1391 (for the marketing name, search the web for "GPU Device Id")
[2017.11.13-03.10.10:546][  0]LogWindows: EnumDisplayDevices:
[2017.11.13-03.10.10:546][  0]LogWindows:    0. 'Intel(R) HD Graphics 4600' (P:1 D:1)
[2017.11.13-03.10.10:547][  0]LogWindows:    1. 'Intel(R) HD Graphics 4600' (P:0 D:0)
[2017.11.13-03.10.10:548][  0]LogWindows:    2. 'Intel(R) HD Graphics 4600' (P:0 D:0)
[2017.11.13-03.10.10:548][  0]LogWindows: DebugString: PrimaryIsNotTheChoosenAdapter PrimaryIsNotTheChoosenAdapter PrimaryIsNotTheChoosenAdapter FoundDriverCount:0 
[2017.11.13-03.10.10:548][  0]LogD3D11RHI:     Adapter Name: NVIDIA GeForce GTX 850M
[2017.11.13-03.10.10:548][  0]LogD3D11RHI:   Driver Version: Unknown (internal:Unknown, unified:Unknown)
[2017.11.13-03.10.10:548][  0]LogD3D11RHI:      Driver Date: Unknown
[2017.11.13-03.10.10:548][  0]LogRHI: Texture pool is 1361 MB (70% of 1945 MB)
[2017.11.13-03.10.10:592][  0]LogD3D11RHI: Async texture creation enabled
[2017.11.13-03.10.10:615][  0]LogD3D11RHI: GPU Timing Frequency: 1000.000000 (Debug: 2 1)
[2017.11.13-03.10.10:617][  0]LogShaderCompilers: Guid format shader working directory is -27 characters bigger than the processId version (C:/Users/Fire Fingers/Documents/Unreal Projects/Experiminty/Experoment/MyProject/Intermediate/Shaders/WorkingDirectory/5968/).
[2017.11.13-03.10.10:617][  0]LogShaderCompilers: Cleaned the shader compiler working directory 'C:/Users/Fire Fingers/AppData/Local/Temp/UnrealShaderWorkingDir/E560BC3448508979CFD9E2BB8B7314F0/'.
[2017.11.13-03.10.10:617][  0]LogShaderCompilers:Display: Using Local Shader Compiler.
[2017.11.13-03.10.13:996][  0]LogTemp:Display: Loaded TP AllDesktopTargetPlatform
[2017.11.13-03.10.14:160][  0]LogTemp:Display: Loaded TP MacClientTargetPlatform
[2017.11.13-03.10.14:329][  0]LogTemp:Display: Loaded TP MacNoEditorTargetPlatform
[2017.11.13-03.10.14:498][  0]LogTemp:Display: Loaded TP MacServerTargetPlatform
[2017.11.13-03.10.14:668][  0]LogTemp:Display: Loaded TP MacTargetPlatform
[2017.11.13-03.10.14:834][  0]LogTemp:Display: Loaded TP WindowsClientTargetPlatform
[2017.11.13-03.10.15:018][  0]LogTemp:Display: Loaded TP WindowsNoEditorTargetPlatform
[2017.11.13-03.10.15:187][  0]LogTemp:Display: Loaded TP WindowsServerTargetPlatform
[2017.11.13-03.10.15:314][  0]LogTemp:Display: Loaded TP WindowsTargetPlatform
[2017.11.13-03.10.15:479][  0]LogTemp:Display: Loaded TP AndroidTargetPlatform
[2017.11.13-03.10.15:643][  0]LogTemp:Display: Loaded TP Android_ASTCTargetPlatform
[2017.11.13-03.10.15:808][  0]LogTemp:Display: Loaded TP Android_ATCTargetPlatform
[2017.11.13-03.10.15:981][  0]LogTemp:Display: Loaded TP Android_DXTTargetPlatform
[2017.11.13-03.10.16:151][  0]LogTemp:Display: Loaded TP Android_ETC1TargetPlatform
[2017.11.13-03.10.16:316][  0]LogTemp:Display: Loaded TP Android_ETC2TargetPlatform
[2017.11.13-03.10.16:617][  0]LogTemp:Display: Loaded TP Android_MultiTargetPlatform
[2017.11.13-03.10.16:617][  0]LogTemp:Display: Loaded TP Android_PVRTCTargetPlatform
[2017.11.13-03.10.16:718][  0]LogTemp:Display: Loaded TP HTML5TargetPlatform
[2017.11.13-03.10.16:953][  0]LogTemp:Display: Loaded TP IOSTargetPlatform
[2017.11.13-03.10.17:068][  0]LogTemp:Display: Loaded TP TVOSTargetPlatform
[2017.11.13-03.10.17:232][  0]LogTemp:Display: Loaded TP LinuxClientTargetPlatform
[2017.11.13-03.10.17:395][  0]LogTemp:Display: Loaded TP LinuxNoEditorTargetPlatform
[2017.11.13-03.10.17:571][  0]LogTemp:Display: Loaded TP LinuxServerTargetPlatform
[2017.11.13-03.10.17:748][  0]LogTemp:Display: Loaded TP LinuxTargetPlatform
[2017.11.13-03.10.17:748][  0]LogTargetPlatformManager:Display: Building Assets For Windows
[2017.11.13-03.10.18:912][  0]LogDerivedDataCache:Display: Max Cache Size: 512 MB
[2017.11.13-03.10.19:045][  0]LogDerivedDataCache: Loaded boot cache 0.13s 50MB C:/Users/Fire Fingers/AppData/Local/UnrealEngine/4.15/DerivedDataCache/Boot.ddc.
[2017.11.13-03.10.19:045][  0]LogDerivedDataCache:Display: Loaded Boot cache: C:/Users/Fire Fingers/AppData/Local/UnrealEngine/4.15/DerivedDataCache/Boot.ddc
[2017.11.13-03.10.19:045][  0]LogDerivedDataCache: FDerivedDataBackendGraph:  Pak pak cache file C:/Users/Fire Fingers/Documents/Unreal Projects/Experiminty/Experoment/MyProject/DerivedDataCache/DDC.ddp not found, will not use a pak cache.
[2017.11.13-03.10.19:045][  0]LogDerivedDataCache: Unable to find inner node Pak for hierarchical cache Hierarchy.
[2017.11.13-03.10.19:045][  0]LogDerivedDataCache: FDerivedDataBackendGraph:  CompressedPak pak cache file C:/Users/Fire Fingers/Documents/Unreal Projects/Experiminty/Experoment/MyProject/DerivedDataCache/Compressed.ddp not found, will not use a pak cache.
[2017.11.13-03.10.19:045][  0]LogDerivedDataCache: Unable to find inner node CompressedPak for hierarchical cache Hierarchy.
[2017.11.13-03.10.19:100][  0]LogDerivedDataCache:Display: Pak cache opened for reading ../../../Engine/DerivedDataCache/Compressed.ddp.
[2017.11.13-03.10.19:114][  0]LogDerivedDataCache: Using Local data cache path C:/Users/Fire Fingers/AppData/Local/UnrealEngine/Common/DerivedDataCache: Writable
[2017.11.13-03.10.19:142][  0]LogSlate: Using Freetype 2.6.0
[2017.11.13-03.10.19:143][  0]LogSlate: SlateFontCache - WITH_FREETYPE: 1, WITH_HARFBUZZ: 1
[2017.11.13-03.10.19:143][  0]LogSlate: SlateFontCache - WITH_FREETYPE: 1, WITH_HARFBUZZ: 1
[2017.11.13-03.10.19:990][  0]LogInit: Selected Device Profile: [Windows]
[2017.11.13-03.10.19:997][  0]LogContentStreaming: Texture pool size is 0.00 MB
[2017.11.13-03.10.20:647][  0]LogMeshUtilities: Using QuadricMeshReduction for automatic static mesh reduction
[2017.11.13-03.10.20:761][  0]LogSimplygon: Simplygon DLL not present - disabling.
[2017.11.13-03.10.20:888][  0]LogMeshUtilities: Using SimplygonSwarm for distributed automatic mesh merging
[2017.11.13-03.10.20:888][  0]LogMeshUtilities: No automatic skeletal mesh reduction module available
[2017.11.13-03.10.20:889][  0]LogMeshUtilities: No automatic mesh merging module available
[2017.11.13-03.10.22:772][  0]LogNetVersion: GetLocalNetworkVersion: CL: 3299760, ProjectName: myproject, ProjectVersion: , EngineNetworkVersion: 2, GameNetworkVersion: 0, NetworkChecksum: 4136520461
[2017.11.13-03.10.22:875][  0]LogAssetRegistry: FAssetRegistry took 0.0238 seconds to start up
[2017.11.13-03.10.23:186][  0]LogPackageLocalizationCache: Processed 3 localized package path(s) for 2 prioritized culture(s) in 0.230349 seconds
[2017.11.13-03.10.23:203][  0]LogUObjectArray: 32493 objects as part of root set at end of initial load.
[2017.11.13-03.10.23:203][  0]LogUObjectAllocator: 7077024 out of 0 bytes used by permanent object pool.
[2017.11.13-03.10.23:203][  0]LogUObjectArray: CloseDisregardForGC: 0/0 objects in disregard for GC pool
[2017.11.13-03.10.23:411][  0]LogInit: WinSock: version 1.1 (2.2), MaxSocks=32767, MaxUdp=65467
[2017.11.13-03.10.28:546][  0]LogTcpMessaging: Initializing TcpMessaging bridge
[2017.11.13-03.10.28:634][  0]LogUdpMessaging: Initializing bridge on interface 0.0.0.0:0 to multicast group 230.0.0.1:6666.
[2017.11.13-03.10.29:818][  0]LogMaterial: Uniform references updated for custom material expression Custom.
[2017.11.13-03.10.30:974][  0]SourceControl: Info Source control is disabled
[2017.11.13-03.10.31:093][  0]SourceControl: Info Source control is disabled
[2017.11.13-03.10.31:232][  0]SourceControl: Info Source control is disabled
[2017.11.13-03.10.31:363][  0]SourceControl: Info Source control is disabled
[2017.11.13-03.10.35:259][  0]LogEngine: Initializing Engine...
[2017.11.13-03.10.35:261][  0]LogHMD: Failed to initialize OpenVR with code 110
[2017.11.13-03.10.35:710][  0]LogStats: UGameplayTagsManager::ConstructGameplayTagTree: Construct from data asset -  0.000 s
[2017.11.13-03.10.35:711][  0]LogStats: UGameplayTagsManager::ConstructGameplayTagTree: GameplayTagTreeChangedEvent.Broadcast -  0.000 s
[2017.11.13-03.10.36:133][  0]LogAIModule: Creating AISystem for world Untitled
[2017.11.13-03.10.36:166][  0]LogInit: XAudio2 using 'Speakers (Realtek High Definition Audio)' : 2 channels at 48 kHz using 32 bits per sample (channel mask 0x3)
[2017.11.13-03.10.36:211][  0]LogInit: FAudioDevice initialized.
[2017.11.13-03.10.36:306][  0]LogDerivedDataCache: Saved boot cache 0.09s 50MB C:/Users/Fire Fingers/AppData/Local/UnrealEngine/4.15/DerivedDataCache/Boot.ddc.
[2017.11.13-03.10.36:340][  0]LogInit: Texture streaming: Enabled
[2017.11.13-03.10.36:648][  0]LogEngineSessionManager: EngineSessionManager initialized
[2017.11.13-03.10.36:919][  0]LogInit: Transaction tracking system initialized
[2017.11.13-03.10.37:967][  0]BlueprintLog: New page: Editor Load
[2017.11.13-03.10.40:637][  0]LocalizationService: Info Localization service is disabled
[2017.11.13-03.10.42:958][  0]LogConsoleResponse:Display: 
[2017.11.13-03.10.43:431][  0]LogCook:Display: Max memory allowance for cook 16384mb min free memory 0mb
[2017.11.13-03.10.43:431][  0]LogCook:Display: Mobile HDR setting 1
[2017.11.13-03.10.43:834][  0]LogFileCache: Scanning file cache for directory 'C:/Users/Fire Fingers/Documents/Unreal Projects/Experiminty/Experoment/MyProject/Content/' took 0.02s
[2017.11.13-03.10.46:143][  0]SourceControl: Info Source control is disabled
[2017.11.13-03.10.46:143][  0]Cmd: MAP LOAD FILE="C:/Users/Fire Fingers/Documents/Unreal Projects/Experiminty/Experoment/MyProject/Content/VehicleBP/Maps/VehicleExampleMap.umap" TEMPLATE=0 SHOWPROGRESS=1 FEATURELEVEL=3
[2017.11.13-03.10.46:145][  0]LightingResults: New page: Lighting Build
[2017.11.13-03.10.46:231][  0]MapCheck: New page: Map Check
[2017.11.13-03.10.46:231][  0]LightingResults: New page: Lighting Build
[2017.11.13-03.10.47:503][  0]LogAIModule: Creating AISystem for world VehicleExampleMap
[2017.11.13-03.10.47:592][  0]LogEditorServer: Finished looking for orphan Actors (0.000 secs)
[2017.11.13-03.10.47:593][  0]Cmd: MAP CHECKDEP NOCLEARLOG
[2017.11.13-03.10.47:695][  0]MapCheck: Info Map check complete: 0 Error(s), 0 Warning(s), took 101.599ms to complete.
[2017.11.13-03.10.47:695][  0]LogFileHelpers: Loading map 'VehicleExampleMap' took 1.552
[2017.11.13-03.10.51:180][  0]LogSlate: Only BGRA pngs, bmps or icos are supported in by External Image Picker
[2017.11.13-03.10.51:722][  0]LogTemp:Display: Executing iPhonePackager certificates Engine -bundlename com.YourCompany.MyProject

[2017.11.13-03.10.51:722][  0]LogTemp:Display: CWD: D:\Unreal\UE_4.15\Engine\Binaries\DotNET\IOS

[2017.11.13-03.10.51:722][  0]LogTemp:Display: Initial Dir: D:\Unreal\UE_4.15

[2017.11.13-03.10.51:722][  0]LogTemp:Display: Env CWD: D:\Unreal\UE_4.15\Engine\Binaries\DotNET\IOS

[2017.11.13-03.10.51:722][  0]LogTemp:Display: BranchPath = FIRE-FINGERSPC/D/Unreal/UE_4.15/Engine/Binaries --- GameBranchPath = FIRE-FINGERSPC/D/Unreal/UE_4.15/Engine/Binaries

[2017.11.13-03.10.51:722][  0]LogTemp:Display: IPP ERROR: Application exception: System.IO.DirectoryNotFoundException: Could not find a part of the path 'C:\Users\Fire Fingers\AppData\Local\Apple Computer\MobileDevice\Provisioning Profiles'.

[2017.11.13-03.10.51:722][  0]LogTemp:Display:    at System.IO.__Error.WinIOError(Int32 errorCode, String maybeFullPath)

[2017.11.13-03.10.51:722][  0]LogTemp:Display:    at System.IO.FileSystemEnumerableIterator`1.CommonInit()

[2017.11.13-03.10.51:722][  0]LogTemp:Display:    at System.IO.Directory.EnumerateFiles(String path, String searchPattern)

[2017.11.13-03.10.51:722][  0]LogTemp:Display:    at iPhonePackager.CodeSignatureBuilder.FindProvisions(String CFBundleIdentifier)

[2017.11.13-03.10.51:722][  0]LogTemp:Display:    at iPhonePackager.Program.Main(String[] args)

[2017.11.13-03.10.51:722][  0]LogCollectionManager: Loaded 0 collections in 0.003170 seconds
[2017.11.13-03.10.51:882][  0]LogFileCache: Scanning file cache for directory 'C:/Users/Fire Fingers/Documents/Unreal Projects/Experiminty/Experoment/MyProject/Saved/Collections/' took 0.01s
[2017.11.13-03.10.51:882][  0]LogFileCache: Scanning file cache for directory 'C:/Users/Fire Fingers/Documents/Unreal Projects/Experiminty/Experoment/MyProject/Content/Developers/FireFingers/Collections/' took 0.01s
[2017.11.13-03.10.51:882][  0]LogFileCache: Scanning file cache for directory 'C:/Users/Fire Fingers/Documents/Unreal Projects/Experiminty/Experoment/MyProject/Content/Collections/' took 0.01s
[2017.11.13-03.10.51:882][  0]LogCollectionManager: Rebuilt the GUID cache for 0 collections in 0.000005 seconds
[2017.11.13-03.10.51:917][  0]LogContentBrowser: Native class hierarchy populated in 0.0337 seconds. Added 2247 classes and 456 folders.
[2017.11.13-03.10.52:108][  0]LogContentBrowser: Native class hierarchy updated for 'WidgetCarousel' in 0.0017 seconds. Added 0 classes and 0 folders.
[2017.11.13-03.10.52:228][  0]LogContentBrowser: Native class hierarchy updated for 'AddContentDialog' in 0.0017 seconds. Added 0 classes and 0 folders.
[2017.11.13-03.10.52:342][  0]LogContentBrowser: Native class hierarchy updated for 'SceneOutliner' in 0.0017 seconds. Added 1 classes and 2 folders.
[2017.11.13-03.10.52:726][  0]LogCrashTracker: Crashtracker disabled due to settings.
[2017.11.13-03.10.52:751][  0]LogUObjectGlobals:Warning: Failed to find object 'Class None.'
[2017.11.13-03.10.52:892][  0]LogContentBrowser: Native class hierarchy updated for 'HierarchicalLODOutliner' in 0.0016 seconds. Added 1 classes and 2 folders.
[2017.11.13-03.10.52:893][  0]LogLoad: (Engine Initialization) Total time: 49.79 seconds
[2017.11.13-03.10.52:893][  0]LogLoad: (Engine Initialization) Total Blueprint compile time: 0.46 seconds
[2017.11.13-03.10.52:893][  0]LogExternalProfiler: Found external profiler: VSPerf
[2017.11.13-03.10.52:893][  0]LogExternalProfiler: Using external profiler: VSPerf
[2017.11.13-03.10.53:234][  0]LogOcInput: OculusInput pre-init called
[2017.11.13-03.10.53:235][  0]LogRawInputWindows:Warning: Found device 0 devices
[2017.11.13-03.10.53:236][  0]LogRawInputWindows:Warning: Found device 0 devices
[2017.11.13-03.10.53:236][  0]LogRawInputWindows:Warning: Device was registered succesfully but not connected (Usage:4 UsagePage:1
[2017.11.13-03.10.53:290][  0]LogContentStreaming: Texture pool size now 1000 MB
[2017.11.13-03.10.53:294][  0]LogSlate: Took 0.000491 seconds to synchronously load lazily loaded font '../../../Engine/Content/Slate/Fonts/Roboto-Regular.ttf' (155K)
[2017.11.13-03.10.53:308][  0]LogSlate: Took 0.000824 seconds to synchronously load lazily loaded font '../../../Engine/Content/Slate/Fonts/Roboto-Bold.ttf' (160K)
[2017.11.13-03.10.53:328][  0]LogSlate: Took 0.000847 seconds to synchronously load lazily loaded font '../../../Engine/Content/Editor/Slate/Fonts/FontAwesome.ttf' (139K)
[2017.11.13-03.10.53:717][  0]LogSlate: Took 0.000467 seconds to synchronously load lazily loaded font '../../../Engine/Content/Slate/Fonts/Roboto-Light.ttf' (159K)
[2017.11.13-03.10.53:935][  0]LogRenderer: Reallocating scene render targets to support 888x548 NumSamples 1 (Frame:2).
[2017.11.13-03.10.55:191][  4]LogAssetRegistry: Asset discovery search completed in 32.3392 seconds
[2017.11.13-03.10.55:191][  4]LogCollectionManager: Rebuilt the object cache for 0 collections in 0.000012 seconds (found 0 objects)
[2017.11.13-03.10.55:191][  4]LogCollectionManager: Fixed up redirectors for 0 collections in 0.000057 seconds (updated 0 objects)
[2017.11.13-03.11.03:904][ 31]LogHttp:Warning: 00000158DD665600: request failed, libcurl error: 6 (Couldn't resolve host name)
[2017.11.13-03.11.03:904][ 31]LogHttp:Warning: 00000158DD665600: libcurl info message cache 0 (Could not resolve host: cdn.unrealengine.com)
[2017.11.13-03.11.03:904][ 31]LogHttp:Warning: 00000158DD665600: libcurl info message cache 1 (Closing connection 0)
[2017.11.13-03.12.00:096][459]LogSlate: Took 0.000559 seconds to synchronously load lazily loaded font '../../../Engine/Content/Slate/Fonts/Roboto-Light.ttf' (159K)
[2017.11.13-03.14.29:888][132]LogSlate: Took 0.000520 seconds to synchronously load lazily loaded font '../../../Engine/Content/Slate/Fonts/Roboto-Regular.ttf' (155K)
[2017.11.13-03.14.31:475][132]LogContentBrowser: Native class hierarchy updated for 'BlueprintGraph' in 0.0033 seconds. Added 112 classes and 0 folders.
[2017.11.13-03.14.34:464][132]LogRenderer: Reallocating scene render targets to support 1144x712 NumSamples 1 (Frame:8923).
[2017.11.13-03.14.36:201][177]LogSlate: Took 0.052066 seconds to synchronously load lazily loaded font '../../../Engine/Content/Editor/Slate/Fonts/Roboto-Italic.ttf' (157K)
[2017.11.13-03.16.56:504][812]BlueprintLog: New page: Compile Block
[2017.11.13-03.17.05:875][110]LogTemp: Repeting last play command: Selected Viewport
[2017.11.13-03.17.05:964][110]LogBlueprintUserMessages: Early PlayInEditor Detection: Level '/Game/VehicleBP/Maps/VehicleExampleMap.VehicleExampleMap:PersistentLevel' has LevelScriptBlueprint '/Game/VehicleBP/Maps/VehicleExampleMap.VehicleExampleMap:PersistentLevel.VehicleExampleMap' with GeneratedClass '/Game/VehicleBP/Maps/VehicleExampleMap.VehicleExampleMap_C' with ClassGeneratedBy '/Game/VehicleBP/Maps/VehicleExampleMap.VehicleExampleMap:PersistentLevel.VehicleExampleMap'
[2017.11.13-03.17.05:964][110]LogPlayLevel: PlayLevel: No blueprints needed recompiling
[2017.11.13-03.17.05:965][110]PIE: New page: PIE session: VehicleExampleMap (13 Nov 2017 11:17:05 pm)
[2017.11.13-03.17.05:965][110]LogPlayLevel: Creating play world package: /Game/VehicleBP/Maps/UEDPIE_0_VehicleExampleMap
[2017.11.13-03.17.06:029][110]LogPlayLevel: PIE: StaticDuplicateObject took: (0.063795s)
[2017.11.13-03.17.06:032][110]LogAIModule: Creating AISystem for world VehicleExampleMap
[2017.11.13-03.17.06:033][110]LogPlayLevel: PIE: World Init took: (0.003887s)
[2017.11.13-03.17.06:034][110]LogPlayLevel: PIE: Created PIE world by copying editor world from /Game/VehicleBP/Maps/VehicleExampleMap.VehicleExampleMap to /Game/VehicleBP/Maps/UEDPIE_0_VehicleExampleMap.VehicleExampleMap (0.068622s)
[2017.11.13-03.17.06:116][110]LogInit: XAudio2 using 'Speakers (Realtek High Definition Audio)' : 2 channels at 48 kHz using 32 bits per sample (channel mask 0x3)
[2017.11.13-03.17.06:145][110]LogInit: FAudioDevice initialized.
[2017.11.13-03.17.06:210][110]LogLoad: Game class is 'VehicleGameMode_C'
[2017.11.13-03.17.06:239][110]LogWorld: Bringing World /Game/VehicleBP/Maps/UEDPIE_0_VehicleExampleMap.VehicleExampleMap up for play (max tick rate 60) at 2017.11.13-13.17.06
[2017.11.13-03.17.06:240][110]LogWorld: Bringing up level for play took: 0.009390
[2017.11.13-03.17.06:358][110]LogContentBrowser: Native class hierarchy updated for 'MovieSceneCapture' in 0.0020 seconds. Added 11 classes and 0 folders.
[2017.11.13-03.17.06:361][110]PIE: Info Play in editor start time for /Game/VehicleBP/Maps/UEDPIE_0_VehicleExampleMap 0.66
[2017.11.13-03.17.06:361][110]LogBlueprintUserMessages: Late PlayInEditor Detection: Level '/Game/VehicleBP/Maps/VehicleExampleMap.VehicleExampleMap:PersistentLevel' has LevelScriptBlueprint '/Game/VehicleBP/Maps/VehicleExampleMap.VehicleExampleMap:PersistentLevel.VehicleExampleMap' with GeneratedClass '/Game/VehicleBP/Maps/VehicleExampleMap.VehicleExampleMap_C' with ClassGeneratedBy '/Game/VehicleBP/Maps/VehicleExampleMap.VehicleExampleMap:PersistentLevel.VehicleExampleMap'
[2017.11.13-03.22.29:793][ 74]LogBlueprintUserMessages: Early EndPlayMap Detection: Level '/Game/VehicleBP/Maps/VehicleExampleMap.VehicleExampleMap:PersistentLevel' has LevelScriptBlueprint '/Game/VehicleBP/Maps/VehicleExampleMap.VehicleExampleMap:PersistentLevel.VehicleExampleMap' with GeneratedClass '/Game/VehicleBP/Maps/VehicleExampleMap.VehicleExampleMap_C' with ClassGeneratedBy '/Game/VehicleBP/Maps/VehicleExampleMap.VehicleExampleMap:PersistentLevel.VehicleExampleMap'
[2017.11.13-03.22.29:904][ 74]LogBlueprintUserMessages: Late EndPlayMap Detection: Level '/Game/VehicleBP/Maps/VehicleExampleMap.VehicleExampleMap:PersistentLevel' has LevelScriptBlueprint '/Game/VehicleBP/Maps/VehicleExampleMap.VehicleExampleMap:PersistentLevel.VehicleExampleMap' with GeneratedClass '/Game/VehicleBP/Maps/VehicleExampleMap.VehicleExampleMap_C' with ClassGeneratedBy '/Game/VehicleBP/Maps/VehicleExampleMap.VehicleExampleMap:PersistentLevel.VehicleExampleMap'
[2017.11.13-03.22.34:854][186]LogSavePackage: Save=653.64ms
[2017.11.13-03.22.34:854][186]LogSavePackage: Moving 'C:/Users/Fire Fingers/Documents/Unreal Projects/Experiminty/Experoment/MyProject/Saved/VehicleExampleMap82FF6A244A0432B7C2096CA533067030.tmp' to 'C:/Users/Fire Fingers/Documents/Unreal Projects/Experiminty/Experoment/MyProject/Content/VehicleBP/Maps/VehicleExampleMap.umap'
[2017.11.13-03.22.34:898][186]LogSavePackage:Display: Finished SavePackage C:/Users/Fire Fingers/Documents/Unreal Projects/Experiminty/Experoment/MyProject/Content/VehicleBP/Maps/VehicleExampleMap.umap
[2017.11.13-03.22.35:098][186]LogFileHelpers: Saving map 'VehicleExampleMap' took 1.168
[2017.11.13-03.22.35:302][186]LogSavePackage: Save=87.55ms
[2017.11.13-03.22.35:304][186]LogSavePackage: Moving 'C:/Users/Fire Fingers/Documents/Unreal Projects/Experiminty/Experoment/MyProject/Saved/Block500E08964F65940FE2EDC18C74C4279C.tmp' to 'C:/Users/Fire Fingers/Documents/Unreal Projects/Experiminty/Experoment/MyProject/Content/VehicleBP/Blueprints/Block.uasset'
[2017.11.13-03.22.35:332][186]LogSavePackage:Display: Finished SavePackage C:/Users/Fire Fingers/Documents/Unreal Projects/Experiminty/Experoment/MyProject/Content/VehicleBP/Blueprints/Block.uasset
